<?xml version="1.0" encoding="UTF-8"?>
<testsuite name="Test nouvelle partie:" tests="1" skipped="0" failures="0" errors="0" timestamp="2024-10-09T15:54:06" hostname="HP_CELENA" time="1.111">
  <properties/>
  <testcase name="est correctement initialisÃ©e" classname="org.iut.mastermind.domain.partie.TestNouvellePartie" time="1.111"/>
  <system-out><![CDATA[]]></system-out>
  <system-err><![CDATA[]]></system-err>
</testsuite>
